<?xml version="1.0" encoding="UTF-8"?>
<robot generator="Robot 4.0.3 (Python 3.9.5 on win32)" generated="20210625 09:49:43.339" rpa="false" schemaversion="2">
<suite id="s1" name="Test" source="C:\qaninja\robot\test.robot">
<test id="s1-t1" name="Deve Retornar mensagem de boas vindas">
<kw name="Welcome" library="app">
<var>${result}</var>
<arg>Maike</arg>
<msg timestamp="20210625 09:49:43.363" level="INFO">${result} = Olá Maike, Bem vindo ao curso basico de Robot Framework</msg>
<status status="PASS" starttime="20210625 09:49:43.363" endtime="20210625 09:49:43.363"/>
</kw>
<kw name="Log To Console" library="BuiltIn">
<arg>${result}</arg>
<doc>Logs the given message to the console.</doc>
<status status="PASS" starttime="20210625 09:49:43.363" endtime="20210625 09:49:43.364"/>
</kw>
<kw name="Should Be Equal" library="BuiltIn">
<arg>${result}</arg>
<arg>Olá Maike, Bem vindo ao curso basico de Robot Framework</arg>
<doc>Fails if the given objects are unequal.</doc>
<status status="PASS" starttime="20210625 09:49:43.365" endtime="20210625 09:49:43.365"/>
</kw>
<status status="PASS" starttime="20210625 09:49:43.363" endtime="20210625 09:49:43.366"/>
</test>
<status status="PASS" starttime="20210625 09:49:43.341" endtime="20210625 09:49:43.367"/>
</suite>
<statistics>
<total>
<stat pass="1" fail="0" skip="0">All Tests</stat>
</total>
<tag>
</tag>
<suite>
<stat pass="1" fail="0" skip="0" id="s1" name="Test">Test</stat>
</suite>
</statistics>
<errors>
</errors>
</robot>
