<?xml version="1.0" encoding="UTF-8"?>
<robot generator="Robot 4.0.3 (Python 3.9.5 on win32)" generated="20210628 17:10:52.324" rpa="false" schemaversion="2">
<suite id="s1" name="Title" source="C:\qaninja\RobotFramework\web\title.robot">
<test id="s1-t1" name="Should See Page Title">
<kw name="Open Browser" library="SeleniumLibrary">
<arg>https://training-wheels-protocol.herokuapp.com/</arg>
<arg>chrome</arg>
<doc>Opens a new browser instance to the optional ``url``.</doc>
<msg timestamp="20210628 17:10:52.664" level="INFO">Opening browser 'chrome' to base url 'https://training-wheels-protocol.herokuapp.com/'.</msg>
<status status="PASS" starttime="20210628 17:10:52.664" endtime="20210628 17:11:02.820"/>
</kw>
<kw name="Title Should Be" library="SeleniumLibrary">
<arg>Training Wheels Protocol</arg>
<doc>Verifies that the current page title equals ``title``.</doc>
<msg timestamp="20210628 17:11:02.838" level="INFO">Page title is 'Training Wheels Protocol'.</msg>
<status status="PASS" starttime="20210628 17:11:02.822" endtime="20210628 17:11:02.838"/>
</kw>
<kw name="Close Browser" library="SeleniumLibrary">
<doc>Closes the current browser.</doc>
<status status="PASS" starttime="20210628 17:11:02.841" endtime="20210628 17:11:05.004"/>
</kw>
<status status="PASS" starttime="20210628 17:10:52.663" endtime="20210628 17:11:05.006"/>
</test>
<status status="PASS" starttime="20210628 17:10:52.326" endtime="20210628 17:11:05.011"/>
</suite>
<statistics>
<total>
<stat pass="1" fail="0" skip="0">All Tests</stat>
</total>
<tag>
</tag>
<suite>
<stat pass="1" fail="0" skip="0" id="s1" name="Title">Title</stat>
</suite>
</statistics>
<errors>
</errors>
</robot>
