<?xml version="1.0" encoding="UTF-8"?>
<robot generator="Robot 4.0.3 (Python 3.9.5 on win32)" generated="20210705 07:51:07.046" rpa="false" schemaversion="2">
<suite id="s1" name="Select" source="C:\qaninja\RobotFramework\web\select.robot">
<test id="s1-t1" name="Select for text">
<kw name="Nova sessão" library="base" type="SETUP">
<kw name="Open Browser" library="SeleniumLibrary">
<arg>${url}</arg>
<arg>${browser}</arg>
<doc>Opens a new browser instance to the optional ``url``.</doc>
<msg timestamp="20210705 07:51:07.226" level="INFO">Opening browser 'chrome' to base url 'https://training-wheels-protocol.herokuapp.com/'.</msg>
<status status="PASS" starttime="20210705 07:51:07.226" endtime="20210705 07:51:10.777"/>
</kw>
<status status="PASS" starttime="20210705 07:51:07.226" endtime="20210705 07:51:10.777"/>
</kw>
<kw name="Go To" library="SeleniumLibrary">
<arg>${url}/dropdown</arg>
<doc>Navigates the current browser window to the provided ``url``.</doc>
<msg timestamp="20210705 07:51:10.778" level="INFO">Opening url 'https://training-wheels-protocol.herokuapp.com//dropdown'</msg>
<status status="PASS" starttime="20210705 07:51:10.778" endtime="20210705 07:51:11.045"/>
</kw>
<kw name="Select From List By Label" library="SeleniumLibrary">
<arg>class:avenger-list</arg>
<arg>Scott Lang</arg>
<doc>Selects options from selection list ``locator`` by ``labels``.</doc>
<msg timestamp="20210705 07:51:11.046" level="INFO">Selecting options from selection list 'class:avenger-list' by label Scott Lang.</msg>
<status status="PASS" starttime="20210705 07:51:11.045" endtime="20210705 07:51:11.098"/>
</kw>
<kw name="Encerra sessão" library="base" type="TEARDOWN">
<kw name="Capture Page Screenshot" library="SeleniumLibrary">
<doc>Takes a screenshot of the current page and embeds it into a log file.</doc>
<msg timestamp="20210705 07:51:11.238" level="INFO" html="true">&lt;/td&gt;&lt;/tr&gt;&lt;tr&gt;&lt;td colspan="3"&gt;&lt;a href="selenium-screenshot-19.png"&gt;&lt;img src="selenium-screenshot-19.png" width="800px"&gt;&lt;/a&gt;</msg>
<status status="PASS" starttime="20210705 07:51:11.099" endtime="20210705 07:51:11.238"/>
</kw>
<kw name="Close Browser" library="SeleniumLibrary">
<doc>Closes the current browser.</doc>
<status status="PASS" starttime="20210705 07:51:11.238" endtime="20210705 07:51:13.334"/>
</kw>
<status status="PASS" starttime="20210705 07:51:11.098" endtime="20210705 07:51:13.335"/>
</kw>
<status status="PASS" starttime="20210705 07:51:07.225" endtime="20210705 07:51:13.336"/>
</test>
<test id="s1-t2" name="Select for value">
<kw name="Nova sessão" library="base" type="SETUP">
<kw name="Open Browser" library="SeleniumLibrary">
<arg>${url}</arg>
<arg>${browser}</arg>
<doc>Opens a new browser instance to the optional ``url``.</doc>
<msg timestamp="20210705 07:51:13.345" level="INFO">Opening browser 'chrome' to base url 'https://training-wheels-protocol.herokuapp.com/'.</msg>
<status status="PASS" starttime="20210705 07:51:13.343" endtime="20210705 07:51:16.609"/>
</kw>
<status status="PASS" starttime="20210705 07:51:13.342" endtime="20210705 07:51:16.609"/>
</kw>
<kw name="Go To" library="SeleniumLibrary">
<arg>${url}/dropdown</arg>
<doc>Navigates the current browser window to the provided ``url``.</doc>
<msg timestamp="20210705 07:51:16.610" level="INFO">Opening url 'https://training-wheels-protocol.herokuapp.com//dropdown'</msg>
<status status="PASS" starttime="20210705 07:51:16.609" endtime="20210705 07:51:16.874"/>
</kw>
<kw name="Select From List By Value" library="SeleniumLibrary">
<arg>id:dropdown</arg>
<arg>4</arg>
<doc>Selects options from selection list ``locator`` by ``values``.</doc>
<msg timestamp="20210705 07:51:16.874" level="INFO">Selecting options from selection list 'id:dropdown' by value 4.</msg>
<status status="PASS" starttime="20210705 07:51:16.874" endtime="20210705 07:51:16.932"/>
</kw>
<kw name="Encerra sessão" library="base" type="TEARDOWN">
<kw name="Capture Page Screenshot" library="SeleniumLibrary">
<doc>Takes a screenshot of the current page and embeds it into a log file.</doc>
<msg timestamp="20210705 07:51:17.109" level="INFO" html="true">&lt;/td&gt;&lt;/tr&gt;&lt;tr&gt;&lt;td colspan="3"&gt;&lt;a href="selenium-screenshot-20.png"&gt;&lt;img src="selenium-screenshot-20.png" width="800px"&gt;&lt;/a&gt;</msg>
<status status="PASS" starttime="20210705 07:51:16.933" endtime="20210705 07:51:17.110"/>
</kw>
<kw name="Close Browser" library="SeleniumLibrary">
<doc>Closes the current browser.</doc>
<status status="PASS" starttime="20210705 07:51:17.110" endtime="20210705 07:51:19.243"/>
</kw>
<status status="PASS" starttime="20210705 07:51:16.933" endtime="20210705 07:51:19.243"/>
</kw>
<status status="PASS" starttime="20210705 07:51:13.340" endtime="20210705 07:51:19.244"/>
</test>
<status status="PASS" starttime="20210705 07:51:07.053" endtime="20210705 07:51:19.247"/>
</suite>
<statistics>
<total>
<stat pass="2" fail="0" skip="0">All Tests</stat>
</total>
<tag>
</tag>
<suite>
<stat pass="2" fail="0" skip="0" id="s1" name="Select">Select</stat>
</suite>
</statistics>
<errors>
</errors>
</robot>
