<?xml version="1.0" encoding="UTF-8"?>
<robot generator="Robot 4.0.3 (Python 3.9.5 on win32)" generated="20210625 11:28:16.539" rpa="false" schemaversion="2">
<suite id="s1" name="Title" source="C:\qaninja\robot\web\title.robot">
<test id="s1-t1" name="Deve validar o titulo">
<kw name="Open Browser" library="SeleniumLibrary">
<arg>https://training-wheels-protocol.herokuapp.com/</arg>
<arg>chrome</arg>
<doc>Opens a new browser instance to the optional ``url``.</doc>
<msg timestamp="20210625 11:28:16.721" level="INFO">Opening browser 'chrome' to base url 'https://training-wheels-protocol.herokuapp.com/'.</msg>
<status status="PASS" starttime="20210625 11:28:16.721" endtime="20210625 11:28:25.315"/>
</kw>
<kw name="Title Should Be" library="SeleniumLibrary">
<arg>Training Wheels Protocol</arg>
<doc>Verifies that the current page title equals ``title``.</doc>
<msg timestamp="20210625 11:28:25.321" level="INFO">Page title is 'Training Wheels Protocol'.</msg>
<status status="PASS" starttime="20210625 11:28:25.316" endtime="20210625 11:28:25.321"/>
</kw>
<kw name="Close Browser" library="SeleniumLibrary">
<doc>Closes the current browser.</doc>
<status status="PASS" starttime="20210625 11:28:25.322" endtime="20210625 11:28:27.440"/>
</kw>
<status status="PASS" starttime="20210625 11:28:16.720" endtime="20210625 11:28:27.440"/>
</test>
<status status="PASS" starttime="20210625 11:28:16.541" endtime="20210625 11:28:27.442"/>
</suite>
<statistics>
<total>
<stat pass="1" fail="0" skip="0">All Tests</stat>
</total>
<tag>
</tag>
<suite>
<stat pass="1" fail="0" skip="0" id="s1" name="Title">Title</stat>
</suite>
</statistics>
<errors>
</errors>
</robot>
